{"timestamp": "2026-02-04T08:32:11.351+0000", "rule": {"level": 10, "description": "sshd: brute force trying to get access to the system. Authentication failed.", "id": "5763", "mitre": {"id": ["T1110"], "tactic": ["Credential Access"], "technique": ["Brute Force"]}, "frequency": 8, "firedtimes": 5, "mail": false, "groups": ["syslog", "sshd", "authentication_failures"], "gdpr": ["IV_35.7.d", "IV_32.2"], "hipaa": ["164.312.b"], "nist_800_53": ["SI.4", "AU.14", "AC.7"], "pci_dss": ["11.4", "10.2.4", "10.2.5"], "tsc": ["CC6.1", "CC6.8", "CC7.2", "CC7.3"]}, "agent": {"id": "000", "name": "wazuh.manager"}, "manager": {"name": "wazuh.manager"}, "id": "1770193931.558425", "previous_output": "Jan  5 07:25:50 shcm-rsc-db sshd-session[1960]: Failed password for oracle from 202.120.7.180 port 33500 ssh2\nJan  5 04:25:47 shcm-rsc-db sshd-session[63331]: Failed password for oracle from 202.120.7.180 port 51520 ssh2\nJan  5 04:25:47 shcm-rsc-db sshd-session[63331]: Failed password for oracle from 202.120.7.180 port 51520 ssh2\nJan  5 04:25:47 shcm-rsc-db sshd-session[63331]: Failed password for oracle from 202.120.7.180 port 51520 ssh2\nJan  5 01:25:46 shcm-rsc-db sshd-session[42992]: Failed password for oracle from 202.120.7.180 port 41214 ssh2\nJan  5 01:25:46 shcm-rsc-db sshd-session[42992]: Failed password for oracle from 202.120.7.180 port 41214 ssh2\nJan  5 01:25:46 shcm-rsc-db sshd-session[42992]: Failed password for oracle from 202.120.7.180 port 41214 ssh2", "full_log": "Jan  5 07:25:50 shcm-rsc-db sshd-session[1960]: Failed password for oracle from 202.120.7.180 port 33500 ssh2", "predecoder": {"program_name": "sshd-session", "timestamp": "Jan  5 07:25:50", "hostname": "shcm-rsc-db"}, "decoder": {"parent": "sshd", "name": "sshd"}, "data": {"srcip": "202.120.7.180", "srcport": "33500", "dstuser": "oracle"}, "location": "custom_processor"}
{"timestamp": "2026-02-04T08:32:11.351+0000", "rule": {"level": 5, "description": "sshd: authentication failed.", "id": "5760", "mitre": {"id": ["T1110.001", "T1021.004"], "tactic": ["Credential Access", "Lateral Movement"], "technique": ["Password Guessing", "SSH"]}, "firedtimes": 40, "mail": false, "groups": ["syslog", "sshd", "authentication_failed"], "gdpr": ["IV_35.7.d", "IV_32.2"], "gpg13": ["7.1"], "hipaa": ["164.312.b"], "nist_800_53": ["AU.14", "AC.7"], "pci_dss": ["10.2.4", "10.2.5"], "tsc": ["CC6.1", "CC6.8", "CC7.2", "CC7.3"]}, "agent": {"id": "000", "name": "wazuh.manager"}, "manager": {"name": "wazuh.manager"}, "id": "1770193931.559764", "full_log": "Jan  5 07:25:50 shcm-rsc-db sshd-session[1960]: Failed password for oracle from 202.120.7.180 port 33500 ssh2", "predecoder": {"program_name": "sshd-session", "timestamp": "Jan  5 07:25:50", "hostname": "shcm-rsc-db"}, "decoder": {"parent": "sshd", "name": "sshd"}, "data": {"srcip": "202.120.7.180", "srcport": "33500", "dstuser": "oracle"}, "location": "custom_processor"}
{"timestamp": "2026-02-04T08:32:11.988+0000", "rule": {"level": 5, "description": "sshd: Attempt to login using a non-existent user", "id": "5710", "mitre": {"id": ["T1110.001", "T1021.004"], "tactic": ["Credential Access", "Lateral Movement"], "technique": ["Password Guessing", "SSH"]}, "firedtimes": 1, "mail": false, "groups": ["syslog", "sshd", "authentication_failed", "invalid_login"], "gdpr": ["IV_35.7.d", "IV_32.2"], "gpg13": ["7.1"], "hipaa": ["164.312.b"], "nist_800_53": ["AU.14", "AC.7", "AU.6"], "pci_dss": ["10.2.4", "10.2.5", "10.6.1"], "tsc": ["CC6.1", "CC6.8", "CC7.2", "CC7.3"]}, "agent": {"id": "000", "name": "wazuh.manager"}, "manager": {"name": "wazuh.manager"}, "id": "1770193931.563058", "full_log": "Jan  5 01:32:43 new-data sshd[1624558]: Invalid user sudy from 211.80.5.242 port 39080", "predecoder": {"program_name": "sshd", "timestamp": "Jan  5 01:32:43", "hostname": "new-data"}, "decoder": {"parent": "sshd", "name": "sshd"}, "data": {"srcip": "211.80.5.242", "srcport": "39080", "srcuser": "sudy"}, "location": "custom_processor"}
{"timestamp": "2026-02-04T08:32:11.988+0000", "rule": {"level": 5, "description": "sshd: Attempt to login using a non-existent user", "id": "5710", "mitre": {"id": ["T1110.001", "T1021.004"], "tactic": ["Credential Access", "Lateral Movement"], "technique": ["Password Guessing", "SSH"]}, "firedtimes": 2, "mail": false, "groups": ["syslog", "sshd", "authentication_failed", "invalid_login"], "gdpr": ["IV_35.7.d", "IV_32.2"], "gpg13": ["7.1"], "hipaa": ["164.312.b"], "nist_800_53": ["AU.14", "AC.7", "AU.6"], "pci_dss": ["10.2.4", "10.2.5", "10.6.1"], "tsc": ["CC6.1", "CC6.8", "CC7.2", "CC7.3"]}, "agent": {"id": "000", "name": "wazuh.manager"}, "manager": {"name": "wazuh.manager"}, "id": "1770193931.563576", "full_log": "Jan  5 01:32:46 new-data sshd[1624558]: Failed password for invalid user sudy from 211.80.5.242 port 39080 ssh2", "predecoder": {"program_name": "sshd", "timestamp": "Jan  5 01:32:46", "hostname": "new-data"}, "decoder": {"parent": "sshd", "name": "sshd"}, "data": {"srcip": "211.80.5.242", "srcuser": "sudy"}, "location": "custom_processor"}
{"timestamp": "2026-02-04T08:32:11.988+0000", "rule": {"level": 5, "description": "PAM: User login failed.", "id": "5503", "mitre": {"id": ["T1110.001"], "tactic": ["Credential Access"], "technique": ["Password Guessing"]}, "firedtimes": 1, "mail": false, "groups": ["pam", "syslog", "authentication_failed"], "pci_dss": ["10.2.4", "10.2.5"], "gpg13": ["7.8"], "gdpr": ["IV_35.7.d", "IV_32.2"], "hipaa": ["164.312.b"], "nist_800_53": ["AU.14", "AC.7"], "tsc": ["CC6.1", "CC6.8", "CC7.2", "CC7.3"]}, "agent": {"id": "000", "name": "wazuh.manager"}, "manager": {"name": "wazuh.manager"}, "id": "1770193931.564103", "full_log": "Jan  5 01:32:43 new-data sshd[1624558]: pam_unix(sshd:auth): authentication failure; logname= uid=0 euid=0 tty=ssh ruser= rhost=211.80.5.242", "predecoder": {"program_name": "sshd", "timestamp": "Jan  5 01:32:43", "hostname": "new-data"}, "decoder": {"name": "pam"}, "data": {"srcip": "211.80.5.242", "uid": "0", "euid": "0", "tty": "ssh"}, "location": "custom_processor"}
{"timestamp": "2026-02-04T08:32:38.080+0000", "rule": {"level": 5, "description": "sshd: authentication failed.", "id": "5760", "mitre": {"id": ["T1110.001", "T1021.004"], "tactic": ["Credential Access", "Lateral Movement"], "technique": ["Password Guessing", "SSH"]}, "firedtimes": 13, "mail": false, "groups": ["syslog", "sshd", "authentication_failed"], "gdpr": ["IV_35.7.d", "IV_32.2"], "gpg13": ["7.1"], "hipaa": ["164.312.b"], "nist_800_53": ["AU.14", "AC.7"], "pci_dss": ["10.2.4", "10.2.5"], "tsc": ["CC6.1", "CC6.8", "CC7.2", "CC7.3"]}, "agent": {"id": "000", "name": "wazuh.manager"}, "manager": {"name": "wazuh.manager"}, "id": "1770193958.719785", "full_log": "Jan  8 04:26:51 shcm-rsc-db sshd-session[60145]: Failed password for oracle from 202.120.7.180 port 42148 ssh2", "predecoder": {"program_name": "sshd-session", "timestamp": "Jan  8 04:26:51", "hostname": "shcm-rsc-db"}, "decoder": {"parent": "sshd", "name": "sshd"}, "data": {"srcip": "202.120.7.180", "srcport": "42148", "dstuser": "oracle"}, "location": "custom_processor"}
{"timestamp": "2026-02-04T08:32:38.080+0000", "rule": {"level": 5, "description": "sshd: authentication failed.", "id": "5760", "mitre": {"id": ["T1110.001", "T1021.004"], "tactic": ["Credential Access", "Lateral Movement"], "technique": ["Password Guessing", "SSH"]}, "firedtimes": 100, "mail": false, "groups": ["syslog", "sshd", "authentication_failed"], "gdpr": ["IV_35.7.d", "IV_32.2"], "gpg13": ["7.1"], "hipaa": ["164.312.b"], "nist_800_53": ["AU.14", "AC.7"], "pci_dss": ["10.2.4", "10.2.5"], "tsc": ["CC6.1", "CC6.8", "CC7.2", "CC7.3"]}, "agent": {"id": "000", "name": "wazuh.manager"}, "manager": {"name": "wazuh.manager"}, "id": "1770193958.720278", "full_log": "Jan  8 04:26:51 shcm-rsc-db sshd-session[60145]: Failed password for oracle from 202.120.7.180 port 42148 ssh2", "predecoder": {"program_name": "sshd-session", "timestamp": "Jan  8 04:26:51", "hostname": "shcm-rsc-db"}, "decoder": {"parent": "sshd", "name": "sshd"}, "data": {"srcip": "202.120.7.180", "srcport": "42148", "dstuser": "oracle"}, "location": "custom_processor"}
{"timestamp": "2026-02-04T08:32:38.080+0000", "rule": {"level": 5, "description": "sshd: authentication failed.", "id": "5760", "mitre": {"id": ["T1110.001", "T1021.004"], "tactic": ["Credential Access", "Lateral Movement"], "technique": ["Password Guessing", "SSH"]}, "firedtimes": 101, "mail": false, "groups": ["syslog", "sshd", "authentication_failed"], "gdpr": ["IV_35.7.d", "IV_32.2"], "gpg13": ["7.1"], "hipaa": ["164.312.b"], "nist_800_53": ["AU.14", "AC.7"], "pci_dss": ["10.2.4", "10.2.5"], "tsc": ["CC6.1", "CC6.8", "CC7.2", "CC7.3"]}, "agent": {"id": "000", "name": "wazuh.manager"}, "manager": {"name": "wazuh.manager"}, "id": "1770193958.720771", "full_log": "Jan  8 04:26:51 shcm-rsc-db sshd-session[60145]: Failed password for oracle from 202.120.7.180 port 42148 ssh2", "predecoder": {"program_name": "sshd-session", "timestamp": "Jan  8 04:26:51", "hostname": "shcm-rsc-db"}, "decoder": {"parent": "sshd", "name": "sshd"}, "data": {"srcip": "202.120.7.180", "srcport": "42148", "dstuser": "oracle"}, "location": "custom_processor"}
{"timestamp": "2026-02-04T08:32:38.806+0000", "rule": {"level": 5, "description": "sshd: authentication failed.", "id": "5760", "mitre": {"id": ["T1110.001", "T1021.004"], "tactic": ["Credential Access", "Lateral Movement"], "technique": ["Password Guessing", "SSH"]}, "firedtimes": 103, "mail": false, "groups": ["syslog", "sshd", "authentication_failed"], "gdpr": ["IV_35.7.d", "IV_32.2"], "gpg13": ["7.1"], "hipaa": ["164.312.b"], "nist_800_53": ["AU.14", "AC.7"], "pci_dss": ["10.2.4", "10.2.5"], "tsc": ["CC6.1", "CC6.8", "CC7.2", "CC7.3"]}, "agent": {"id": "000", "name": "wazuh.manager"}, "manager": {"name": "wazuh.manager"}, "id": "1770193958.730926", "full_log": "Jan  8 07:26:54 shcm-rsc-db sshd-session[80297]: Failed password for oracle from 202.120.7.180 port 52332 ssh2", "predecoder": {"program_name": "sshd-session", "timestamp": "Jan  8 07:26:54", "hostname": "shcm-rsc-db"}, "decoder": {"parent": "sshd", "name": "sshd"}, "data": {"srcip": "202.120.7.180", "srcport": "52332", "dstuser": "oracle"}, "location": "custom_processor"}
{"timestamp": "2026-02-04T08:32:38.806+0000", "rule": {"level": 5, "description": "sshd: authentication failed.", "id": "5760", "mitre": {"id": ["T1110.001", "T1021.004"], "tactic": ["Credential Access", "Lateral Movement"], "technique": ["Password Guessing", "SSH"]}, "firedtimes": 104, "mail": false, "groups": ["syslog", "sshd", "authentication_failed"], "gdpr": ["IV_35.7.d", "IV_32.2"], "gpg13": ["7.1"], "hipaa": ["164.312.b"], "nist_800_53": ["AU.14", "AC.7"], "pci_dss": ["10.2.4", "10.2.5"], "tsc": ["CC6.1", "CC6.8", "CC7.2", "CC7.3"]}, "agent": {"id": "000", "name": "wazuh.manager"}, "manager": {"name": "wazuh.manager"}, "id": "1770193958.731419", "full_log": "Jan  8 07:26:54 shcm-rsc-db sshd-session[80297]: Failed password for oracle from 202.120.7.180 port 52332 ssh2", "predecoder": {"program_name": "sshd-session", "timestamp": "Jan  8 07:26:54", "hostname": "shcm-rsc-db"}, "decoder": {"parent": "sshd", "name": "sshd"}, "data": {"srcip": "202.120.7.180", "srcport": "52332", "dstuser": "oracle"}, "location": "custom_processor"}
{"timestamp": "2026-02-04T08:32:41.571+0000", "rule": {"level": 3, "description": "PAM: Login session opened.", "id": "5501", "mitre": {"id": ["T1078"], "tactic": ["Defense Evasion", "Persistence", "Privilege Escalation", "Initial Access"], "technique": ["Valid Accounts"]}, "firedtimes": 41, "mail": false, "groups": ["pam", "syslog", "authentication_success"], "pci_dss": ["10.2.5"], "gpg13": ["7.8", "7.9"], "gdpr": ["IV_32.2"], "hipaa": ["164.312.b"], "nist_800_53": ["AU.14", "AC.7"], "tsc": ["CC6.8", "CC7.2", "CC7.3"]}, "agent": {"id": "000", "name": "wazuh.manager"}, "manager": {"name": "wazuh.manager"}, "id": "1770193961.759919", "full_log": "Jan  8 14:43:11 db sshd[37789]: pam_unix(sshd:session): session opened for user datav by (uid=0)", "predecoder": {"program_name": "sshd", "timestamp": "Jan  8 14:43:11", "hostname": "db"}, "decoder": {"parent": "pam", "name": "pam"}, "data": {"dstuser": "datav", "uid": "0"}, "location": "custom_processor"}
{"timestamp": "2026-02-04T08:32:41.571+0000", "rule": {"level": 7, "description": "Dpkg (Debian Package) half configured.", "id": "2904", "firedtimes": 254, "mail": false, "groups": ["syslog", "dpkg", "config_changed"], "pci_dss": ["10.6.1", "10.2.7"], "gpg13": ["4.10"], "gdpr": ["IV_35.7.d"], "hipaa": ["164.312.b"], "nist_800_53": ["AU.6", "AU.14"], "tsc": ["CC7.2", "CC7.3", "CC6.8", "CC8.1"]}, "agent": {"id": "000", "name": "wazuh.manager"}, "manager": {"name": "wazuh.manager"}, "id": "1770193961.760325", "full_log": "2026-01-08 06:43:04 status half-configured libc-bin:amd64 2.35-0ubuntu3.11", "decoder": {"name": "dpkg-decoder"}, "data": {"dpkg_status": "status half-configured", "package": "libc-bin", "arch": "amd64", "version": "2.35-0ubuntu3.11"}, "location": "custom_processor"}
{"timestamp": "2026-02-04T08:32:41.571+0000", "rule": {"level": 3, "description": "PAM: Login session opened.", "id": "5501", "mitre": {"id": ["T1078"], "tactic": ["Defense Evasion", "Persistence", "Privilege Escalation", "Initial Access"], "technique": ["Valid Accounts"]}, "firedtimes": 42, "mail": false, "groups": ["pam", "syslog", "authentication_success"], "pci_dss": ["10.2.5"], "gpg13": ["7.8", "7.9"], "gdpr": ["IV_32.2"], "hipaa": ["164.312.b"], "nist_800_53": ["AU.14", "AC.7"], "tsc": ["CC6.8", "CC7.2", "CC7.3"]}, "agent": {"id": "000", "name": "wazuh.manager"}, "manager": {"name": "wazuh.manager"}, "id": "1770193961.760808", "full_log": "Jan  8 14:43:11 Server-bec8c072-3b16-42d8-a02b-4aa7ad436c3b sshd[1454]: pam_unix(sshd:session): session opened for user datav by (uid=0)", "predecoder": {"program_name": "sshd", "timestamp": "Jan  8 14:43:11", "hostname": "Server-bec8c072-3b16-42d8-a02b-4aa7ad436c3b"}, "decoder": {"parent": "pam", "name": "pam"}, "data": {"dstuser": "datav", "uid": "0"}, "location": "custom_processor"}
{"timestamp": "2026-02-04T08:32:41.571+0000", "rule": {"level": 7, "description": "New dpkg (Debian Package) installed.", "id": "2902", "firedtimes": 177, "mail": false, "groups": ["syslog", "dpkg", "config_changed"], "pci_dss": ["10.6.1", "10.2.7"], "gpg13": ["4.10"], "gdpr": ["IV_35.7.d"], "hipaa": ["164.312.b"], "nist_800_53": ["AU.6", "AU.14"], "tsc": ["CC7.2", "CC7.3", "CC6.8", "CC8.1"]}, "agent": {"id": "000", "name": "wazuh.manager"}, "manager": {"name": "wazuh.manager"}, "id": "1770193961.761295", "full_log": "2026-01-08 06:43:04 status installed libc-bin:amd64 2.35-0ubuntu3.11", "decoder": {"name": "dpkg-decoder"}, "data": {"dpkg_status": "status installed", "package": "libc-bin", "arch": "amd64", "version": "2.35-0ubuntu3.11"}, "location": "custom_processor"}
{"timestamp": "2026-02-04T08:32:41.571+0000", "rule": {"level": 3, "description": "PAM: Login session opened.", "id": "5501", "mitre": {"id": ["T1078"], "tactic": ["Defense Evasion", "Persistence", "Privilege Escalation", "Initial Access"], "technique": ["Valid Accounts"]}, "firedtimes": 43, "mail": false, "groups": ["pam", "syslog", "authentication_success"], "pci_dss": ["10.2.5"], "gpg13": ["7.8", "7.9"], "gdpr": ["IV_32.2"], "hipaa": ["164.312.b"], "nist_800_53": ["AU.14", "AC.7"], "tsc": ["CC6.8", "CC7.2", "CC7.3"]}, "agent": {"id": "000", "name": "wazuh.manager"}, "manager": {"name": "wazuh.manager"}, "id": "1770193961.761764", "full_log": "Jan  8 14:43:24 db su: pam_unix(su:session): session opened for user root by datav(uid=0)", "predecoder": {"program_name": "su", "timestamp": "Jan  8 14:43:24", "hostname": "db"}, "decoder": {"parent": "pam", "name": "pam"}, "data": {"srcuser": "datav", "dstuser": "root", "uid": "0"}, "location": "custom_processor"}
{"timestamp": "2026-02-04T08:32:41.571+0000", "rule": {"level": 3, "description": "sshd: authentication success.", "id": "5715", "mitre": {"id": ["T1078", "T1021"], "tactic": ["Defense Evasion", "Persistence", "Privilege Escalation", "Initial Access", "Lateral Movement"], "technique": ["Valid Accounts", "Remote Services"]}, "firedtimes": 61, "mail": false, "groups": ["syslog", "sshd", "authentication_success"], "gdpr": ["IV_32.2"], "gpg13": ["7.1", "7.2"], "hipaa": ["164.312.b"], "nist_800_53": ["AU.14", "AC.7"], "pci_dss": ["10.2.5"], "tsc": ["CC6.8", "CC7.2", "CC7.3"]}, "agent": {"id": "000", "name": "wazuh.manager"}, "manager": {"name": "wazuh.manager"}, "id": "1770193961.762162", "full_log": "Jan  8 14:43:11 db sshd[37789]: Accepted password for datav from 192.168.1.29 port 64674 ssh2", "predecoder": {"program_name": "sshd", "timestamp": "Jan  8 14:43:11", "hostname": "db"}, "decoder": {"parent": "sshd", "name": "sshd"}, "data": {"srcip": "192.168.1.29", "srcport": "64674", "dstuser": "datav"}, "location": "custom_processor"}
{"timestamp": "2026-02-04T08:32:41.571+0000", "rule": {"level": 3, "description": "PAM: Login session opened.", "id": "5501", "mitre": {"id": ["T1078"], "tactic": ["Defense Evasion", "Persistence", "Privilege Escalation", "Initial Access"], "technique": ["Valid Accounts"]}, "firedtimes": 44, "mail": false, "groups": ["pam", "syslog", "authentication_success"], "pci_dss": ["10.2.5"], "gpg13": ["7.8", "7.9"], "gdpr": ["IV_32.2"], "hipaa": ["164.312.b"], "nist_800_53": ["AU.14", "AC.7"], "tsc": ["CC6.8", "CC7.2", "CC7.3"]}, "agent": {"id": "000", "name": "wazuh.manager"}, "manager": {"name": "wazuh.manager"}, "id": "1770193961.762599", "full_log": "Jan  8 14:43:24 db sudo: pam_unix(sudo:session): session opened for user root by datav(uid=0)", "predecoder": {"program_name": "sudo", "timestamp": "Jan  8 14:43:24", "hostname": "db"}, "decoder": {"parent": "pam", "name": "pam"}, "data": {"srcuser": "datav", "dstuser": "root", "uid": "0"}, "location": "custom_processor"}
{"timestamp": "2026-02-04T08:32:41.571+0000", "rule": {"level": 4, "description": "First time user executed sudo.", "id": "5403", "mitre": {"id": ["T1548.003"], "tactic": ["Privilege Escalation", "Defense Evasion"], "technique": ["Sudo and Sudo Caching"]}, "firedtimes": 1, "mail": false, "groups": ["syslog", "sudo"]}, "agent": {"id": "000", "name": "wazuh.manager"}, "manager": {"name": "wazuh.manager"}, "id": "1770193961.763001", "full_log": "Jan  8 14:43:24 db sudo:   datav : TTY=pts/1 ; PWD=/home/datav ; USER=root ; COMMAND=/bin/su root", "predecoder": {"program_name": "sudo", "timestamp": "Jan  8 14:43:24", "hostname": "db"}, "decoder": {"parent": "sudo", "name": "sudo", "ftscomment": "First time user executed the sudo command"}, "data": {"srcuser": "datav", "dstuser": "root", "tty": "pts/1", "pwd": "/home/datav", "command": "/bin/su root"}, "location": "custom_processor"}
{"timestamp": "2026-02-04T08:32:41.571+0000", "rule": {"level": 3, "description": "PAM: Login session opened.", "id": "5501", "mitre": {"id": ["T1078"], "tactic": ["Defense Evasion", "Persistence", "Privilege Escalation", "Initial Access"], "technique": ["Valid Accounts"]}, "firedtimes": 45, "mail": false, "groups": ["pam", "syslog", "authentication_success"], "pci_dss": ["10.2.5"], "gpg13": ["7.8", "7.9"], "gdpr": ["IV_32.2"], "hipaa": ["164.312.b"], "nist_800_53": ["AU.14", "AC.7"], "tsc": ["CC6.8", "CC7.2", "CC7.3"]}, "agent": {"id": "000", "name": "wazuh.manager"}, "manager": {"name": "wazuh.manager"}, "id": "1770193961.763303", "full_log": "Jan  8 14:44:30 Server-bec8c072-3b16-42d8-a02b-4aa7ad436c3b su: pam_unix(su:session): session opened for user root by datav(uid=0)", "predecoder": {"program_name": "su", "timestamp": "Jan  8 14:44:30", "hostname": "Server-bec8c072-3b16-42d8-a02b-4aa7ad436c3b"}, "decoder": {"parent": "pam", "name": "pam"}, "data": {"srcuser": "datav", "dstuser": "root", "uid": "0"}, "location": "custom_processor"}
{"timestamp": "2026-02-04T08:32:41.571+0000", "rule": {"level": 3, "description": "PAM: Login session opened.", "id": "5501", "mitre": {"id": ["T1078"], "tactic": ["Defense Evasion", "Persistence", "Privilege Escalation", "Initial Access"], "technique": ["Valid Accounts"]}, "firedtimes": 46, "mail": false, "groups": ["pam", "syslog", "authentication_success"], "pci_dss": ["10.2.5"], "gpg13": ["7.8", "7.9"], "gdpr": ["IV_32.2"], "hipaa": ["164.312.b"], "nist_800_53": ["AU.14", "AC.7"], "tsc": ["CC6.8", "CC7.2", "CC7.3"]}, "agent": {"id": "000", "name": "wazuh.manager"}, "manager": {"name": "wazuh.manager"}, "id": "1770193961.763783", "full_log": "Jan  8 14:44:30 Server-bec8c072-3b16-42d8-a02b-4aa7ad436c3b sudo: pam_unix(sudo:session): session opened for user root by datav(uid=0)", "predecoder": {"program_name": "sudo", "timestamp": "Jan  8 14:44:30", "hostname": "Server-bec8c072-3b16-42d8-a02b-4aa7ad436c3b"}, "decoder": {"parent": "pam", "name": "pam"}, "data": {"srcuser": "datav", "dstuser": "root", "uid": "0"}, "location": "custom_processor"}
{"timestamp": "2026-02-04T08:32:41.571+0000", "rule": {"level": 3, "description": "Successful sudo to ROOT executed.", "id": "5402", "mitre": {"id": ["T1548.003"], "tactic": ["Privilege Escalation", "Defense Evasion"], "technique": ["Sudo and Sudo Caching"]}, "firedtimes": 1, "mail": false, "groups": ["syslog", "sudo"], "pci_dss": ["10.2.5", "10.2.2"], "gpg13": ["7.6", "7.8", "7.13"], "gdpr": ["IV_32.2"], "hipaa": ["164.312.b"], "nist_800_53": ["AU.14", "AC.7", "AC.6"], "tsc": ["CC6.8", "CC7.2", "CC7.3"]}, "agent": {"id": "000", "name": "wazuh.manager"}, "manager": {"name": "wazuh.manager"}, "id": "1770193961.764267", "full_log": "Jan  8 14:44:30 Server-bec8c072-3b16-42d8-a02b-4aa7ad436c3b sudo:   datav : TTY=pts/0 ; PWD=/home/datav ; USER=root ; COMMAND=/bin/su root", "predecoder": {"program_name": "sudo", "timestamp": "Jan  8 14:44:30", "hostname": "Server-bec8c072-3b16-42d8-a02b-4aa7ad436c3b"}, "decoder": {"parent": "sudo", "name": "sudo", "ftscomment": "First time user executed the sudo command"}, "data": {"srcuser": "datav", "dstuser": "root", "tty": "pts/0", "pwd": "/home/datav", "command": "/bin/su root"}, "location": "custom_processor"}
{"timestamp": "2026-02-04T08:32:41.808+0000", "rule": {"level": 3, "description": "ClamAV database update", "id": "52507", "firedtimes": 373, "mail": false, "groups": ["clamd", "freshclam", "virus"], "pci_dss": ["5.2"], "gpg13": ["4.4"], "gdpr": ["IV_35.7.d"], "nist_800_53": ["SI.3"], "tsc": ["A1.2"]}, "agent": {"id": "000", "name": "wazuh.manager"}, "manager": {"name": "wazuh.manager"}, "id": "1770193961.804093", "full_log": "Jan  8 15:00:35 new-produce freshclam[3354108]: ClamAV update process started at Thu Jan  8 15:00:35 2026", "predecoder": {"program_name": "freshclam", "timestamp": "Jan  8 15:00:35", "hostname": "new-produce"}, "decoder": {"name": "freshclam"}, "location": "custom_processor"}
{"timestamp": "2026-02-04T08:32:41.808+0000", "rule": {"level": 3, "description": "ClamAV database update", "id": "52507", "firedtimes": 374, "mail": false, "groups": ["clamd", "freshclam", "virus"], "pci_dss": ["5.2"], "gpg13": ["4.4"], "gdpr": ["IV_35.7.d"], "nist_800_53": ["SI.3"], "tsc": ["A1.2"]}, "agent": {"id": "000", "name": "wazuh.manager"}, "manager": {"name": "wazuh.manager"}, "id": "1770193961.804417", "full_log": "Jan  8 07:00:35 new-safety freshclam[2326622]: ClamAV update process started at Thu Jan  8 07:00:35 2026", "predecoder": {"program_name": "freshclam", "timestamp": "Jan  8 07:00:35", "hostname": "new-safety"}, "decoder": {"name": "freshclam"}, "location": "custom_processor"}
{"timestamp": "2026-02-04T08:32:41.808+0000", "rule": {"level": 3, "description": "ClamAV database update", "id": "52507", "firedtimes": 375, "mail": false, "groups": ["clamd", "freshclam", "virus"], "pci_dss": ["5.2"], "gpg13": ["4.4"], "gdpr": ["IV_35.7.d"], "nist_800_53": ["SI.3"], "tsc": ["A1.2"]}, "agent": {"id": "000", "name": "wazuh.manager"}, "manager": {"name": "wazuh.manager"}, "id": "1770193961.804739", "full_log": "Jan  8 07:00:41 new-data freshclam[1069760]: ClamAV update process started at Thu Jan  8 07:00:41 2026", "predecoder": {"program_name": "freshclam", "timestamp": "Jan  8 07:00:41", "hostname": "new-data"}, "decoder": {"name": "freshclam"}, "location": "custom_processor"}
{"timestamp": "2026-02-04T08:32:41.801+0000", "rule": {"level": 7, "description": "Dpkg (Debian Package) half configured.", "id": "2904", "firedtimes": 299, "mail": false, "groups": ["syslog", "dpkg", "config_changed"], "pci_dss": ["10.6.1", "10.2.7"], "gpg13": ["4.10"], "gdpr": ["IV_35.7.d"], "hipaa": ["164.312.b"], "nist_800_53": ["AU.6", "AU.14"], "tsc": ["CC7.2", "CC7.3", "CC6.8", "CC8.1"]}, "agent": {"id": "000", "name": "wazuh.manager"}, "manager": {"name": "wazuh.manager"}, "id": "1770193961.805057", "full_log": "2026-01-07 06:58:36 status half-configured man-db:amd64 2.10.2-1", "decoder": {"name": "dpkg-decoder"}, "data": {"dpkg_status": "status half-configured", "package": "man-db", "arch": "amd64", "version": "2.10.2-1"}, "location": "custom_processor"}
{"timestamp": "2026-02-04T08:32:41.809+0000", "rule": {"level": 3, "description": "PAM: Login session opened.", "id": "5501", "mitre": {"id": ["T1078"], "tactic": ["Defense Evasion", "Persistence", "Privilege Escalation", "Initial Access"], "technique": ["Valid Accounts"]}, "firedtimes": 47, "mail": false, "groups": ["pam", "syslog", "authentication_success"], "pci_dss": ["10.2.5"], "gpg13": ["7.8", "7.9"], "gdpr": ["IV_32.2"], "hipaa": ["164.312.b"], "nist_800_53": ["AU.14", "AC.7"], "tsc": ["CC6.8", "CC7.2", "CC7.3"]}, "agent": {"id": "000", "name": "wazuh.manager"}, "manager": {"name": "wazuh.manager"}, "id": "1770193961.805520", "full_log": "Jan  8 15:05:11 db sshd[41427]: pam_unix(sshd:session): session opened for user datav by (uid=0)", "predecoder": {"program_name": "sshd", "timestamp": "Jan  8 15:05:11", "hostname": "db"}, "decoder": {"parent": "pam", "name": "pam"}, "data": {"dstuser": "datav", "uid": "0"}, "location": "custom_processor"}
{"timestamp": "2026-02-04T08:32:41.809+0000", "rule": {"level": 3, "description": "PAM: Login session closed.", "id": "5502", "firedtimes": 47, "mail": false, "groups": ["pam", "syslog"], "pci_dss": ["10.2.5"], "gpg13": ["7.8", "7.9"], "gdpr": ["IV_32.2"], "hipaa": ["164.312.b"], "nist_800_53": ["AU.14", "AC.7"], "tsc": ["CC6.8", "CC7.2", "CC7.3"]}, "agent": {"id": "000", "name": "wazuh.manager"}, "manager": {"name": "wazuh.manager"}, "id": "1770193961.805926", "full_log": "Jan  8 15:05:52 db sshd[41427]: pam_unix(sshd:session): session closed for user datav", "predecoder": {"program_name": "sshd", "timestamp": "Jan  8 15:05:52", "hostname": "db"}, "decoder": {"parent": "pam", "name": "pam"}, "data": {"dstuser": "datav"}, "location": "custom_processor"}
{"timestamp": "2026-02-04T08:32:41.809+0000", "rule": {"level": 3, "description": "PAM: Login session opened.", "id": "5501", "mitre": {"id": ["T1078"], "tactic": ["Defense Evasion", "Persistence", "Privilege Escalation", "Initial Access"], "technique": ["Valid Accounts"]}, "firedtimes": 48, "mail": false, "groups": ["pam", "syslog", "authentication_success"], "pci_dss": ["10.2.5"], "gpg13": ["7.8", "7.9"], "gdpr": ["IV_32.2"], "hipaa": ["164.312.b"], "nist_800_53": ["AU.14", "AC.7"], "tsc": ["CC6.8", "CC7.2", "CC7.3"]}, "agent": {"id": "000", "name": "wazuh.manager"}, "manager": {"name": "wazuh.manager"}, "id": "1770193961.806291", "full_log": "Jan  8 15:05:20 Server-bec8c072-3b16-42d8-a02b-4aa7ad436c3b sshd[4578]: pam_unix(sshd:session): session opened for user datav by (uid=0)", "predecoder": {"program_name": "sshd", "timestamp": "Jan  8 15:05:20", "hostname": "Server-bec8c072-3b16-42d8-a02b-4aa7ad436c3b"}, "decoder": {"parent": "pam", "name": "pam"}, "data": {"dstuser": "datav", "uid": "0"}, "location": "custom_processor"}
{"timestamp": "2026-02-04T08:32:41.809+0000", "rule": {"level": 3, "description": "PAM: Login session closed.", "id": "5502", "firedtimes": 48, "mail": false, "groups": ["pam", "syslog"], "pci_dss": ["10.2.5"], "gpg13": ["7.8", "7.9"], "gdpr": ["IV_32.2"], "hipaa": ["164.312.b"], "nist_800_53": ["AU.14", "AC.7"], "tsc": ["CC6.8", "CC7.2", "CC7.3"]}, "agent": {"id": "000", "name": "wazuh.manager"}, "manager": {"name": "wazuh.manager"}, "id": "1770193961.806778", "full_log": "Jan  8 15:05:52 Server-bec8c072-3b16-42d8-a02b-4aa7ad436c3b sshd[4578]: pam_unix(sshd:session): session closed for user datav", "predecoder": {"program_name": "sshd", "timestamp": "Jan  8 15:05:52", "hostname": "Server-bec8c072-3b16-42d8-a02b-4aa7ad436c3b"}, "decoder": {"parent": "pam", "name": "pam"}, "data": {"dstuser": "datav"}, "location": "custom_processor"}
{"timestamp": "2026-02-04T08:32:41.809+0000", "rule": {"level": 3, "description": "PAM: Login session opened.", "id": "5501", "mitre": {"id": ["T1078"], "tactic": ["Defense Evasion", "Persistence", "Privilege Escalation", "Initial Access"], "technique": ["Valid Accounts"]}, "firedtimes": 49, "mail": false, "groups": ["pam", "syslog", "authentication_success"], "pci_dss": ["10.2.5"], "gpg13": ["7.8", "7.9"], "gdpr": ["IV_32.2"], "hipaa": ["164.312.b"], "nist_800_53": ["AU.14", "AC.7"], "tsc": ["CC6.8", "CC7.2", "CC7.3"]}, "agent": {"id": "000", "name": "wazuh.manager"}, "manager": {"name": "wazuh.manager"}, "id": "1770193961.807224", "full_log": "Jan  8 15:05:58 db sshd[41552]: pam_unix(sshd:session): session opened for user datav by (uid=0)", "predecoder": {"program_name": "sshd", "timestamp": "Jan  8 15:05:58", "hostname": "db"}, "decoder": {"parent": "pam", "name": "pam"}, "data": {"dstuser": "datav", "uid": "0"}, "location": "custom_processor"}
{"timestamp": "2026-02-04T08:32:41.809+0000", "rule": {"level": 3, "description": "sshd: authentication success.", "id": "5715", "mitre": {"id": ["T1078", "T1021"], "tactic": ["Defense Evasion", "Persistence", "Privilege Escalation", "Initial Access", "Lateral Movement"], "technique": ["Valid Accounts", "Remote Services"]}, "firedtimes": 63, "mail": false, "groups": ["syslog", "sshd", "authentication_success"], "gdpr": ["IV_32.2"], "gpg13": ["7.1", "7.2"], "hipaa": ["164.312.b"], "nist_800_53": ["AU.14", "AC.7"], "pci_dss": ["10.2.5"], "tsc": ["CC6.8", "CC7.2", "CC7.3"]}, "agent": {"id": "000", "name": "wazuh.manager"}, "manager": {"name": "wazuh.manager"}, "id": "1770193961.807630", "full_log": "Jan  8 15:05:11 db sshd[41427]: Accepted password for datav from 192.168.1.29 port 64830 ssh2", "predecoder": {"program_name": "sshd", "timestamp": "Jan  8 15:05:11", "hostname": "db"}, "decoder": {"parent": "sshd", "name": "sshd"}, "data": {"srcip": "192.168.1.29", "srcport": "64830", "dstuser": "datav"}, "location": "custom_processor"}
{"timestamp": "2026-02-04T08:32:41.809+0000", "rule": {"level": 3, "description": "sshd: authentication success.", "id": "5715", "mitre": {"id": ["T1078", "T1021"], "tactic": ["Defense Evasion", "Persistence", "Privilege Escalation", "Initial Access", "Lateral Movement"], "technique": ["Valid Accounts", "Remote Services"]}, "firedtimes": 64, "mail": false, "groups": ["syslog", "sshd", "authentication_success"], "gdpr": ["IV_32.2"], "gpg13": ["7.1", "7.2"], "hipaa": ["164.312.b"], "nist_800_53": ["AU.14", "AC.7"], "pci_dss": ["10.2.5"], "tsc": ["CC6.8", "CC7.2", "CC7.3"]}, "agent": {"id": "000", "name": "wazuh.manager"}, "manager": {"name": "wazuh.manager"}, "id": "1770193961.808067", "full_log": "Jan  8 15:05:20 Server-bec8c072-3b16-42d8-a02b-4aa7ad436c3b sshd[4578]: Accepted password for datav from 192.168.1.29 port 64832 ssh2", "predecoder": {"program_name": "sshd", "timestamp": "Jan  8 15:05:20", "hostname": "Server-bec8c072-3b16-42d8-a02b-4aa7ad436c3b"}, "decoder": {"parent": "sshd", "name": "sshd"}, "data": {"srcip": "192.168.1.29", "srcport": "64832", "dstuser": "datav"}, "location": "custom_processor"}
{"timestamp": "2026-02-04T08:32:41.809+0000", "rule": {"level": 3, "description": "sshd: authentication success.", "id": "5715", "mitre": {"id": ["T1078", "T1021"], "tactic": ["Defense Evasion", "Persistence", "Privilege Escalation", "Initial Access", "Lateral Movement"], "technique": ["Valid Accounts", "Remote Services"]}, "firedtimes": 65, "mail": false, "groups": ["syslog", "sshd", "authentication_success"], "gdpr": ["IV_32.2"], "gpg13": ["7.1", "7.2"], "hipaa": ["164.312.b"], "nist_800_53": ["AU.14", "AC.7"], "pci_dss": ["10.2.5"], "tsc": ["CC6.8", "CC7.2", "CC7.3"]}, "agent": {"id": "000", "name": "wazuh.manager"}, "manager": {"name": "wazuh.manager"}, "id": "1770193961.808585", "full_log": "Jan  8 15:05:58 db sshd[41552]: Accepted password for datav from 192.168.1.29 port 64834 ssh2", "predecoder": {"program_name": "sshd", "timestamp": "Jan  8 15:05:58", "hostname": "db"}, "decoder": {"parent": "sshd", "name": "sshd"}, "data": {"srcip": "192.168.1.29", "srcport": "64834", "dstuser": "datav"}, "location": "custom_processor"}
{"timestamp": "2026-02-04T08:32:41.809+0000", "rule": {"level": 3, "description": "PAM: Login session closed.", "id": "5502", "firedtimes": 49, "mail": false, "groups": ["pam", "syslog"], "pci_dss": ["10.2.5"], "gpg13": ["7.8", "7.9"], "gdpr": ["IV_32.2"], "hipaa": ["164.312.b"], "nist_800_53": ["AU.14", "AC.7"], "tsc": ["CC6.8", "CC7.2", "CC7.3"]}, "agent": {"id": "000", "name": "wazuh.manager"}, "manager": {"name": "wazuh.manager"}, "id": "1770193961.809022", "full_log": "Jan  8 15:06:01 db sshd[41552]: pam_unix(sshd:session): session closed for user datav", "predecoder": {"program_name": "sshd", "timestamp": "Jan  8 15:06:01", "hostname": "db"}, "decoder": {"parent": "pam", "name": "pam"}, "data": {"dstuser": "datav"}, "location": "custom_processor"}
{"timestamp": "2026-02-04T08:32:41.804+0000", "rule": {"level": 7, "description": "New dpkg (Debian Package) installed.", "id": "2902", "firedtimes": 197, "mail": false, "groups": ["syslog", "dpkg", "config_changed"], "pci_dss": ["10.6.1", "10.2.7"], "gpg13": ["4.10"], "gdpr": ["IV_35.7.d"], "hipaa": ["164.312.b"], "nist_800_53": ["AU.6", "AU.14"], "tsc": ["CC7.2", "CC7.3", "CC6.8", "CC8.1"]}, "agent": {"id": "000", "name": "wazuh.manager"}, "manager": {"name": "wazuh.manager"}, "id": "1770193961.809387", "full_log": "2026-01-08 06:48:01 status installed libsnmp40:amd64 5.9.1+dfsg-1ubuntu2.9", "decoder": {"name": "dpkg-decoder"}, "data": {"dpkg_status": "status installed", "package": "libsnmp40", "arch": "amd64", "version": "5.9.1+dfsg-1ubuntu2.9"}, "location": "custom_processor"}
{"timestamp": "2026-02-04T06:24:29.771+0000", "rule": {"level": 10, "description": "Multiple Windows error application events.", "id": "61061", "frequency": 8, "firedtimes": 529, "mail": false, "groups": ["windows", "windows_application"]}, "agent": {"id": "000", "name": "wazuh.manager"}, "manager": {"name": "wazuh.manager"}, "id": "1770186269.54225", "previous_output": "{\"win\": {\"system\": {\"providerName\": \"ShareSvc\", \"eventID\": \"0\", \"qualifiers\": \"0\", \"level\": \"2\", \"task\": \"0\", \"keywords\": \"0x80000000000000\", \"systemTime\": \"2025-01-25T08:04:15.339927300Z\", \"eventRecordID\": \"17274286\", \"channel\": \"Application\", \"computer\": \"HBASSHC03032.HBAS.RDC\", \"severityValue\": \"ERROR\"}, \"eventdata\": {\"Data\": \"CreateProcessAsUser failed: lpCmdLine: \\\"C:\\\\Program Files\\\\cloud\\\\sharetool.exe\\\" -hook 1.(error provider: Unknown Provider, error value: 2, error location:C:\\\\var\\\\JFR\\\\workspace\\\\C_ShareClient2\\\\MY_OS_FULL\\\\Windows_All_x64\\\\svnrepo\\\\AnyShare\\\\ASWindowsClient\\\\src\\\\sharesvc\\\\ncHookAgent.cpp:93)\"}}}\n{\"win\": {\"system\": {\"providerName\": \"Asiainfo Security OfficeScan Database Server\", \"eventID\": \"900\", \"qualifiers\": \"49157\", \"level\": \"2\", \"task\": \"5\", \"keywords\": \"0x80000000000000\", \"systemTime\": \"2025-01-25T06:05:44.303707700Z\", \"eventRecordID\": \"762898\", \"channel\": \"Application\", \"computer\": \"BHSHV00156.boschhuayu-steering.com\", \"userID\": \"S-1-5-18\", \"severityValue\": \"ERROR\"}, \"eventdata\": {\"Data\": \"\\nException Type: ADOException \\nProgram:[ D:\\\\Program Files (x86)\\\\Asiainfo Security\\\\OfficeScan\\\\PCCSRV\\\\Admin\\\\Utility\\\\SQL\\\\oscedbt.exe ] (16.0.6386) \\nProcess ID:[ 8472(0x00002118) ] Thread ID[ 10060(0x0000274c) ]\\nError Code[ -2147467259(0x80004005) ]\\nError Description[ ADOException: Code meaning = 未指定的错误 Source = Microsoft SQL Server Native Client 10.0 Description = Invalid connection string attribute ]\\nFunction:[ADOHelper::CADOConnection::Open] Source file:[ .\\\\CADOConnection.cpp(50) ]\"}}}\n{\"win\": {\"system\": {\"providerName\": \"MSSQLSERVER\", \"eventID\": \"1105\", \"qualifiers\": \"49152\", \"level\": \"2\", \"task\": \"2\", \"keywords\": \"0x80000000000000\", \"systemTime\": \"2025-01-25T06:05:19.000000000Z\", \"eventRecordID\": \"19007154\", \"channel\": \"Application\", \"computer\": \"BHSHV00045.boschhuayu-steering.com\", \"userID\": \"S-1-5-21-3236568584-845152607-3372888200-5826\", \"severityValue\": \"ERROR\"}, \"eventdata\": {\"Data\": \"510400001100000007000000530051004C004400420032000000160000005700530053005F0043006F006E00740065006E0074005F0039003900390039005F0039003000300038000000\"}}}\n{\"win\": {\"system\": {\"providerName\": \"MSSQLSERVER\", \"eventID\": \"1105\", \"qualifiers\": \"49152\", \"level\": \"2\", \"task\": \"2\", \"keywords\": \"0x80000000000000\", \"systemTime\": \"2025-01-25T06:05:16.000000000Z\", \"eventRecordID\": \"19007140\", \"channel\": \"Application\", \"computer\": \"BHSHV00045.boschhuayu-steering.com\", \"userID\": \"S-1-5-21-3236568584-845152607-3372888200-5826\", \"severityValue\": \"ERROR\"}, \"eventdata\": {\"Data\": \"510400001100000007000000530051004C004400420032000000160000005700530053005F0043006F006E00740065006E0074005F0039003900390039005F0039003000300038000000\"}}}\n{\"win\": {\"system\": {\"providerName\": \"MSSQLSERVER\", \"eventID\": \"1105\", \"qualifiers\": \"49152\", \"level\": \"2\", \"task\": \"2\", \"keywords\": \"0x80000000000000\", \"systemTime\": \"2025-01-25T06:05:15.000000000Z\", \"eventRecordID\": \"19007136\", \"channel\": \"Application\", \"computer\": \"BHSHV00045.boschhuayu-steering.com\", \"userID\": \"S-1-5-21-3236568584-845152607-3372888200-5826\", \"severityValue\": \"ERROR\"}, \"eventdata\": {\"Data\": \"510400001100000007000000530051004C004400420032000000160000005700530053005F0043006F006E00740065006E0074005F0039003900390039005F0039003000300038000000\"}}}\n{\"win\": {\"system\": {\"providerName\": \"MSSQLSERVER\", \"eventID\": \"1105\", \"qualifiers\": \"49152\", \"level\": \"2\", \"task\": \"2\", \"keywords\": \"0x80000000000000\", \"systemTime\": \"2025-01-25T06:05:10.000000000Z\", \"eventRecordID\": \"19007123\", \"channel\": \"Application\", \"computer\": \"BHSHV00045.boschhuayu-steering.com\", \"userID\": \"S-1-5-21-3236568584-845152607-3372888200-5826\", \"severityValue\": \"ERROR\"}, \"eventdata\": {\"Data\": \"510400001100000007000000530051004C004400420032000000160000005700530053005F0043006F006E00740065006E0074005F0039003900390039005F0039003000300038000000\"}}}\n{\"win\": {\"system\": {\"providerName\": \"MSSQLSERVER\", \"eventID\": \"1105\", \"qualifiers\": \"49152\", \"level\": \"2\", \"task\": \"2\", \"keywords\": \"0x80000000000000\", \"systemTime\": \"2025-01-25T06:05:06.000000000Z\", \"eventRecordID\": \"19007107\", \"channel\": \"Application\", \"computer\": \"BHSHV00045.boschhuayu-steering.com\", \"userID\": \"S-1-5-21-3236568584-845152607-3372888200-5826\", \"severityValue\": \"ERROR\"}, \"eventdata\": {\"Data\": \"510400001100000007000000530051004C004400420032000000160000005700530053005F0043006F006E00740065006E0074005F0039003900390039005F0039003000300038000000\"}}}", "decoder": {"name": "json"}, "data": {"win": {"system": {"providerName": "ShareSvc", "eventID": "0", "qualifiers": "0", "level": "2", "task": "0", "keywords": "0x80000000000000", "systemTime": "2025-01-25T08:04:20.993614800Z", "eventRecordID": "17274287", "channel": "Application", "computer": "HBASSHC03032.HBAS.RDC", "severityValue": "ERROR"}, "eventdata": {"Data": "CreateProcessAsUser failed: lpCmdLine: \"C:\\Program Files\\cloud\\sharetool.exe\" -hook 1.(error provider: Unknown Provider, error value: 2, error location:C:\\var\\JFR\\workspace\\C_ShareClient2\\MY_OS_FULL\\Windows_All_x64\\svnrepo\\AnyShare\\ASWindowsClient\\src\\sharesvc\\ncHookAgent.cpp:93)"}}}, "location": "stdin"}
{"timestamp": "2026-02-04T06:24:36.309+0000", "rule": {"level": 10, "description": "Multiple System error events", "id": "61110", "frequency": 8, "firedtimes": 6, "mail": false, "groups": ["windows", "windows_system"]}, "agent": {"id": "000", "name": "wazuh.manager"}, "manager": {"name": "wazuh.manager"}, "id": "1770186276.54225", "previous_output": "{\"win\": {\"system\": {\"providerName\": \"Schannel\", \"providerGuid\": \"{1f678132-5938-4686-9fdc-c8ff68f15c85}\", \"eventID\": \"36871\", \"version\": \"0\", \"level\": \"2\", \"task\": \"0\", \"opcode\": \"0\", \"keywords\": \"0x8000000000000000\", \"systemTime\": \"2025-01-25T08:04:33.8204587Z\", \"eventRecordID\": \"175940\", \"activityID\": \"{c2979f61-6bab-0002-b29f-97c2ab6bdb01}\", \"processID\": \"1620\", \"threadID\": \"1704\", \"channel\": \"System\", \"computer\": \"HBASSHC02535.HBAS.RDC\", \"userID\": \"S-1-5-18\", \"severityValue\": \"ERROR\"}, \"eventdata\": {\"Type\": \"client\", \"ErrorState\": \"10013\"}}}\n{\"win\": {\"system\": {\"providerName\": \"Schannel\", \"providerGuid\": \"{1f678132-5938-4686-9fdc-c8ff68f15c85}\", \"eventID\": \"36871\", \"version\": \"0\", \"level\": \"2\", \"task\": \"0\", \"opcode\": \"0\", \"keywords\": \"0x8000000000000000\", \"systemTime\": \"2025-01-25T08:04:33.0144170Z\", \"eventRecordID\": \"175939\", \"activityID\": \"{c2979f61-6bab-0002-b29f-97c2ab6bdb01}\", \"processID\": \"1620\", \"threadID\": \"1704\", \"channel\": \"System\", \"computer\": \"HBASSHC02535.HBAS.RDC\", \"userID\": \"S-1-5-18\", \"severityValue\": \"ERROR\"}, \"eventdata\": {\"Type\": \"client\", \"ErrorState\": \"10013\"}}}\n{\"win\": {\"system\": {\"providerName\": \"Schannel\", \"providerGuid\": \"{1f678132-5938-4686-9fdc-c8ff68f15c85}\", \"eventID\": \"36871\", \"version\": \"0\", \"level\": \"2\", \"task\": \"0\", \"opcode\": \"0\", \"keywords\": \"0x8000000000000000\", \"systemTime\": \"2025-01-25T08:04:29.0157165Z\", \"eventRecordID\": \"175934\", \"activityID\": \"{c2979f61-6bab-0002-b29f-97c2ab6bdb01}\", \"processID\": \"1620\", \"threadID\": \"19276\", \"channel\": \"System\", \"computer\": \"HBASSHC02535.HBAS.RDC\", \"userID\": \"S-1-5-18\", \"severityValue\": \"ERROR\"}, \"eventdata\": {\"Type\": \"client\", \"ErrorState\": \"10013\"}}}\n{\"win\": {\"system\": {\"providerName\": \"Schannel\", \"providerGuid\": \"{1f678132-5938-4686-9fdc-c8ff68f15c85}\", \"eventID\": \"36871\", \"version\": \"0\", \"level\": \"2\", \"task\": \"0\", \"opcode\": \"0\", \"keywords\": \"0x8000000000000000\", \"systemTime\": \"2025-01-25T08:04:28.2012102Z\", \"eventRecordID\": \"175933\", \"activityID\": \"{c2979f61-6bab-0002-b29f-97c2ab6bdb01}\", \"processID\": \"1620\", \"threadID\": \"19276\", \"channel\": \"System\", \"computer\": \"HBASSHC02535.HBAS.RDC\", \"userID\": \"S-1-5-18\", \"severityValue\": \"ERROR\"}, \"eventdata\": {\"Type\": \"client\", \"ErrorState\": \"10013\"}}}\n{\"win\": {\"system\": {\"providerName\": \"Schannel\", \"providerGuid\": \"{1f678132-5938-4686-9fdc-c8ff68f15c85}\", \"eventID\": \"36871\", \"version\": \"0\", \"level\": \"2\", \"task\": \"0\", \"opcode\": \"0\", \"keywords\": \"0x8000000000000000\", \"systemTime\": \"2025-01-25T08:04:21.0103054Z\", \"eventRecordID\": \"175924\", \"activityID\": \"{c2979f61-6bab-0002-b29f-97c2ab6bdb01}\", \"processID\": \"1620\", \"threadID\": \"1704\", \"channel\": \"System\", \"computer\": \"HBASSHC02535.HBAS.RDC\", \"userID\": \"S-1-5-18\", \"severityValue\": \"ERROR\"}, \"eventdata\": {\"Type\": \"client\", \"ErrorState\": \"10013\"}}}\n{\"win\": {\"system\": {\"providerName\": \"Schannel\", \"providerGuid\": \"{1f678132-5938-4686-9fdc-c8ff68f15c85}\", \"eventID\": \"36871\", \"version\": \"0\", \"level\": \"2\", \"task\": \"0\", \"opcode\": \"0\", \"keywords\": \"0x8000000000000000\", \"systemTime\": \"2025-01-25T08:04:13.1677322Z\", \"eventRecordID\": \"175922\", \"activityID\": \"{c2979f61-6bab-0002-b29f-97c2ab6bdb01}\", \"processID\": \"1620\", \"threadID\": \"1704\", \"channel\": \"System\", \"computer\": \"HBASSHC02535.HBAS.RDC\", \"userID\": \"S-1-5-18\", \"severityValue\": \"ERROR\"}, \"eventdata\": {\"Type\": \"client\", \"ErrorState\": \"10013\"}}}\n{\"win\": {\"system\": {\"providerName\": \"Microsoft-Windows-GroupPolicy\", \"providerGuid\": \"{AEA1B4FA-97D1-45F2-A64C-4D69FFFD92C9}\", \"eventID\": \"1030\", \"version\": \"0\", \"level\": \"2\", \"task\": \"0\", \"opcode\": \"1\", \"keywords\": \"0x8000000000000000\", \"systemTime\": \"2025-01-25T06:05:14.194611400Z\", \"eventRecordID\": \"596615\", \"activityID\": \"{ADBBB86B-41EB-4229-BAD2-29AB24CB5322}\", \"processID\": \"884\", \"threadID\": \"5760\", \"channel\": \"System\", \"computer\": \"BHSHV00073.boschhuayu-steering.com\", \"userID\": \"S-1-5-21-3236568584-845152607-3372888200-2728\", \"severityValue\": \"ERROR\"}, \"eventdata\": {\"SupportInfo1\": \"1\", \"SupportInfo2\": \"2950\", \"ProcessingMode\": \"0\", \"ProcessingTimeInMilliseconds\": \"578\", \"ErrorCode\": \"1326\", \"ErrorDescription\": \"用户名或密码不正确。 \", \"DCName\": \"\\\\\\\\BHSHV00001B.boschhuayu-steering.com\"}}}", "decoder": {"name": "json"}, "data": {"win": {"system": {"providerName": "Schannel", "providerGuid": "{1f678132-5938-4686-9fdc-c8ff68f15c85}", "eventID": "36871", "version": "0", "level": "2", "task": "0", "opcode": "0", "keywords": "0x8000000000000000", "systemTime": "2025-01-25T08:04:41.8062788Z", "eventRecordID": "175950", "activityID": "{c2979f61-6bab-0002-b29f-97c2ab6bdb01}", "processID": "1620", "threadID": "1704", "channel": "System", "computer": "HBASSHC02535.HBAS.RDC", "userID": "S-1-5-18", "severityValue": "ERROR"}, "eventdata": {"Type": "client", "ErrorState": "10013"}}}, "location": "stdin"}
{"timestamp": "2026-02-04T06:41:21.732+0000", "rule": {"level": 9, "description": "Windows application error event.", "id": "60602", "firedtimes": 3856, "mail": false, "groups": ["windows", "windows_application", "system_error"], "gdpr": ["IV_35.7.d"], "gpg13": ["4.3"]}, "agent": {"id": "000", "name": "wazuh.manager"}, "manager": {"name": "wazuh.manager"}, "id": "1770187281.54225", "decoder": {"name": "json"}, "data": {"win": {"system": {"providerName": "MSSQLSERVER", "eventID": "17806", "qualifiers": "49152", "level": "2", "task": "4", "keywords": "0x80000000000000", "systemTime": "2025-01-26T16:38:56.000000000Z", "eventRecordID": "7749778", "channel": "Application", "computer": "BHSHV00035.boschhuayu-steering.com", "severityValue": "ERROR"}, "eventdata": {"Data": "8E450000140000000B0000004200480053004800560030003000300033003500000000000000"}}}, "location": "stdin"}
